\BOOKMARK [0][-]{chapter.1}{\376\377\000D\000o\000k\000u\000m\000e\000n\000t\000a\000c\000j\000a\000\040\000z\000a\000d\000a\000n\000i\000a\000\040\000P\000A\000M\000S\000I\000\040\000L\000A\000B\000\040\0004}{}
\BOOKMARK [0][-]{chapter.2}{\376\377\000S\000t\000r\000u\000k\000t\000u\000r\000a\000\040\000k\000a\000t\000a\000l\000o\000g\000\363\000w}{}
\BOOKMARK [1][-]{section.2.1}{\376\377\000K\000a\000t\000a\000l\000o\000g\000i}{chapter.2}
\BOOKMARK [0][-]{chapter.3}{\376\377\000I\000n\000d\000e\000k\000s\000\040\000k\000l\000a\000s}{}
\BOOKMARK [1][-]{section.3.1}{\376\377\000L\000i\000s\000t\000a\000\040\000k\000l\000a\000s}{chapter.3}
\BOOKMARK [0][-]{chapter.4}{\376\377\000I\000n\000d\000e\000k\000s\000\040\000p\000l\000i\000k\000\363\000w}{}
\BOOKMARK [1][-]{section.4.1}{\376\377\000L\000i\000s\000t\000a\000\040\000p\000l\000i\000k\000\363\000w}{chapter.4}
\BOOKMARK [0][-]{chapter.5}{\376\377\000D\000o\000k\000u\000m\000e\000n\000t\000a\000c\000j\000a\000\040\000k\000a\000t\000a\000l\000o\000g\000\363\000w}{}
\BOOKMARK [1][-]{section.5.1}{\376\377\000D\000o\000k\000u\000m\000e\000n\000t\000a\000c\000j\000a\000\040\000k\000a\000t\000a\000l\000o\000g\000u\000\040\000i\000n\000c\000/}{chapter.5}
\BOOKMARK [1][-]{section.5.2}{\376\377\000D\000o\000k\000u\000m\000e\000n\000t\000a\000c\000j\000a\000\040\000k\000a\000t\000a\000l\000o\000g\000u\000\040\000s\000r\000c\000/}{chapter.5}
\BOOKMARK [0][-]{chapter.6}{\376\377\000D\000o\000k\000u\000m\000e\000n\000t\000a\000c\000j\000a\000\040\000k\000l\000a\000s}{}
\BOOKMARK [1][-]{section.6.1}{\376\377\000D\000o\000k\000u\000m\000e\000n\000t\000a\000c\000j\000a\000\040\000k\000l\000a\000s\000y\000\040\000D\000z\000i\000a\000l\000a\000n\000i\000a}{chapter.6}
\BOOKMARK [2][-]{subsection.6.1.1}{\376\377\000O\000p\000i\000s\000\040\000s\000z\000c\000z\000e\000g\000\363\001\102\000o\000w\000y}{section.6.1}
\BOOKMARK [2][-]{subsection.6.1.2}{\376\377\000D\000o\000k\000u\000m\000e\000n\000t\000a\000c\000j\000a\000\040\000f\000u\000n\000k\000c\000j\000i\000\040\000s\000k\001\102\000a\000d\000o\000w\000y\000c\000h}{section.6.1}
\BOOKMARK [3][-]{subsubsection.6.1.2.1}{\376\377\000l\000i\000c\000z\000c\000z\000a\000s}{subsection.6.1.2}
\BOOKMARK [3][-]{subsubsection.6.1.2.2}{\376\377\000o\000b\000l\000i\000c\000z}{subsection.6.1.2}
\BOOKMARK [3][-]{subsubsection.6.1.2.3}{\376\377\000p\000o\000r\000o\000w\000n\000a\000j}{subsection.6.1.2}
\BOOKMARK [3][-]{subsubsection.6.1.2.4}{\376\377\000r\000o\000z\000m\000i\000a\000r\000t\000a\000b}{subsection.6.1.2}
\BOOKMARK [3][-]{subsubsection.6.1.2.5}{\376\377\000w\000c\000z\000y\000t\000a\000j\000p\000l\000i\000k}{subsection.6.1.2}
\BOOKMARK [2][-]{subsection.6.1.3}{\376\377\000D\000o\000k\000u\000m\000e\000n\000t\000a\000c\000j\000a\000\040\000a\000t\000r\000y\000b\000u\000t\000\363\000w\000\040\000s\000k\001\102\000a\000d\000o\000w\000y\000c\000h}{section.6.1}
\BOOKMARK [3][-]{subsubsection.6.1.3.1}{\376\377\000t\000a\000b\0001}{subsection.6.1.3}
\BOOKMARK [3][-]{subsubsection.6.1.3.2}{\376\377\000t\000a\000b\0002}{subsection.6.1.3}
\BOOKMARK [1][-]{section.6.2}{\376\377\000D\000o\000k\000u\000m\000e\000n\000t\000a\000c\000j\000a\000\040\000k\000l\000a\000s\000y\000\040\000M\000e\000r\000g\000e}{chapter.6}
\BOOKMARK [2][-]{subsection.6.2.1}{\376\377\000D\000o\000k\000u\000m\000e\000n\000t\000a\000c\000j\000a\000\040\000f\000u\000n\000k\000c\000j\000i\000\040\000s\000k\001\102\000a\000d\000o\000w\000y\000c\000h}{section.6.2}
\BOOKMARK [3][-]{subsubsection.6.2.1.1}{\376\377\000m\000e\000r\000g\000e}{subsection.6.2.1}
\BOOKMARK [3][-]{subsubsection.6.2.1.2}{\376\377\000m\000e\000r\000g\000e\000\137\000s\000o\000r\000t}{subsection.6.2.1}
\BOOKMARK [3][-]{subsubsection.6.2.1.3}{\376\377\000s\000p\000r\000a\000w\000d\000z\000\137\000p\000o\000r\000z\000a\000d\000e\000k}{subsection.6.2.1}
\BOOKMARK [3][-]{subsubsection.6.2.1.4}{\376\377\000w\000y\000p\000e\000l\000n\000i\000j}{subsection.6.2.1}
\BOOKMARK [3][-]{subsubsection.6.2.1.5}{\376\377\000w\000y\000s\000w\000i\000e\000t\000l}{subsection.6.2.1}
\BOOKMARK [3][-]{subsubsection.6.2.1.6}{\376\377\000w\000y\000s\000w\000i\000e\000t\000l}{subsection.6.2.1}
\BOOKMARK [1][-]{section.6.3}{\376\377\000D\000o\000k\000u\000m\000e\000n\000t\000a\000c\000j\000a\000\040\000k\000l\000a\000s\000y\000\040\000Q\000u\000i\000c\000k}{chapter.6}
\BOOKMARK [2][-]{subsection.6.3.1}{\376\377\000D\000o\000k\000u\000m\000e\000n\000t\000a\000c\000j\000a\000\040\000f\000u\000n\000k\000c\000j\000i\000\040\000s\000k\001\102\000a\000d\000o\000w\000y\000c\000h}{section.6.3}
\BOOKMARK [3][-]{subsubsection.6.3.1.1}{\376\377\000q\000u\000i\000c\000k\000\137\000s\000o\000r\000t}{subsection.6.3.1}
\BOOKMARK [3][-]{subsubsection.6.3.1.2}{\376\377\000s\000p\000r\000a\000w\000d\000z\000\137\000p\000o\000r\000z\000a\000d\000e\000k}{subsection.6.3.1}
\BOOKMARK [3][-]{subsubsection.6.3.1.3}{\376\377\000w\000y\000p\000e\000l\000n\000i\000j}{subsection.6.3.1}
\BOOKMARK [3][-]{subsubsection.6.3.1.4}{\376\377\000w\000y\000p\000e\000l\000n\000i\000j\000\137\000o\000d\000w\000r\000o\000t\000n\000i\000e}{subsection.6.3.1}
\BOOKMARK [3][-]{subsubsection.6.3.1.5}{\376\377\000w\000y\000s\000w\000i\000e\000t\000l}{subsection.6.3.1}
\BOOKMARK [3][-]{subsubsection.6.3.1.6}{\376\377\000w\000y\000s\000w\000i\000e\000t\000l}{subsection.6.3.1}
\BOOKMARK [1][-]{section.6.4}{\376\377\000D\000o\000k\000u\000m\000e\000n\000t\000a\000c\000j\000a\000\040\000s\000z\000a\000b\000l\000o\000n\000u\000\040\000k\000l\000a\000s\000y\000\040\000T\000a\000b\000l\000i\000c\000a\000<\000\040\000T\000y\000p\000\040\000>}{chapter.6}
\BOOKMARK [2][-]{subsection.6.4.1}{\376\377\000O\000p\000i\000s\000\040\000s\000z\000c\000z\000e\000g\000\363\001\102\000o\000w\000y}{section.6.4}
\BOOKMARK [2][-]{subsection.6.4.2}{\376\377\000D\000o\000k\000u\000m\000e\000n\000t\000a\000c\000j\000a\000\040\000k\000o\000n\000s\000t\000r\000u\000k\000t\000o\000r\000a\000\040\000i\000\040\000d\000e\000s\000t\000r\000u\000k\000t\000o\000r\000a}{section.6.4}
\BOOKMARK [3][-]{subsubsection.6.4.2.1}{\376\377\000T\000a\000b\000l\000i\000c\000a}{subsection.6.4.2}
\BOOKMARK [3][-]{subsubsection.6.4.2.2}{\376\377\000T\000a\000b\000l\000i\000c\000a}{subsection.6.4.2}
\BOOKMARK [2][-]{subsection.6.4.3}{\376\377\000D\000o\000k\000u\000m\000e\000n\000t\000a\000c\000j\000a\000\040\000f\000u\000n\000k\000c\000j\000i\000\040\000s\000k\001\102\000a\000d\000o\000w\000y\000c\000h}{section.6.4}
\BOOKMARK [3][-]{subsubsection.6.4.3.1}{\376\377\000d\000o\000d\000e\000l\000e}{subsection.6.4.3}
\BOOKMARK [3][-]{subsubsection.6.4.3.2}{\376\377\000d\000o\000d\000e\000l\000e}{subsection.6.4.3}
\BOOKMARK [3][-]{subsubsection.6.4.3.3}{\376\377\000o\000p\000e\000r\000a\000t\000o\000r\000=}{subsection.6.4.3}
\BOOKMARK [3][-]{subsubsection.6.4.3.4}{\376\377\000o\000p\000e\000r\000a\000t\000o\000r\000=\000=}{subsection.6.4.3}
\BOOKMARK [3][-]{subsubsection.6.4.3.5}{\376\377\000o\000p\000e\000r\000a\000t\000o\000r\000[\000]}{subsection.6.4.3}
\BOOKMARK [3][-]{subsubsection.6.4.3.6}{\376\377\000o\000p\000e\000r\000a\000t\000o\000r\000[\000]}{subsection.6.4.3}
\BOOKMARK [3][-]{subsubsection.6.4.3.7}{\376\377\000r\000o\000z\000m\000i\000a\000r}{subsection.6.4.3}
\BOOKMARK [3][-]{subsubsection.6.4.3.8}{\376\377\000z\000m\000e\000l\000e}{subsection.6.4.3}
\BOOKMARK [3][-]{subsubsection.6.4.3.9}{\376\377\000z\000m\000i\000a\000n\000a\000r\000o\000z\000m\000i\000a\000r\000u}{subsection.6.4.3}
\BOOKMARK [3][-]{subsubsection.6.4.3.10}{\376\377\000z\000m\000i\000e\000n\000k\000o\000l\000e\000j\000n\000o\000s\000c}{subsection.6.4.3}
\BOOKMARK [2][-]{subsection.6.4.4}{\376\377\000D\000o\000k\000u\000m\000e\000n\000t\000a\000c\000j\000a\000\040\000a\000t\000r\000y\000b\000u\000t\000\363\000w\000\040\000s\000k\001\102\000a\000d\000o\000w\000y\000c\000h}{section.6.4}
\BOOKMARK [3][-]{subsubsection.6.4.4.1}{\376\377\000d\000l\000t\000a\000b}{subsection.6.4.4}
\BOOKMARK [3][-]{subsubsection.6.4.4.2}{\376\377\000T}{subsection.6.4.4}
\BOOKMARK [0][-]{chapter.7}{\376\377\000D\000o\000k\000u\000m\000e\000n\000t\000a\000c\000j\000a\000\040\000p\000l\000i\000k\000\363\000w}{}
\BOOKMARK [1][-]{section.7.1}{\376\377\000D\000o\000k\000u\000m\000e\000n\000t\000a\000c\000j\000a\000\040\000p\000l\000i\000k\000u\000\040\000d\000z\000i\000a\000l\000a\000n\000i\000a\000.\000c\000p\000p}{chapter.7}
\BOOKMARK [2][-]{subsection.7.1.1}{\376\377\000D\000o\000k\000u\000m\000e\000n\000t\000a\000c\000j\000a\000\040\000f\000u\000n\000k\000c\000j\000i}{section.7.1}
\BOOKMARK [3][-]{subsubsection.7.1.1.1}{\376\377\000f\000o\000o}{subsection.7.1.1}
\BOOKMARK [1][-]{section.7.2}{\376\377\000D\000o\000k\000u\000m\000e\000n\000t\000a\000c\000j\000a\000\040\000p\000l\000i\000k\000u\000\040\000d\000z\000i\000a\000l\000a\000n\000i\000a\000.\000h\000p\000p}{chapter.7}
\BOOKMARK [2][-]{subsection.7.2.1}{\376\377\000D\000o\000k\000u\000m\000e\000n\000t\000a\000c\000j\000a\000\040\000f\000u\000n\000k\000c\000j\000i}{section.7.2}
\BOOKMARK [3][-]{subsubsection.7.2.1.1}{\376\377\000f\000o\000o}{subsection.7.2.1}
\BOOKMARK [1][-]{section.7.3}{\376\377\000D\000o\000k\000u\000m\000e\000n\000t\000a\000c\000j\000a\000\040\000p\000l\000i\000k\000u\000\040\000g\000l\000o\000w\000n\000y\000.\000c\000p\000p}{chapter.7}
\BOOKMARK [2][-]{subsection.7.3.1}{\376\377\000D\000o\000k\000u\000m\000e\000n\000t\000a\000c\000j\000a\000\040\000d\000e\000f\000i\000n\000i\000c\000j\000i}{section.7.3}
\BOOKMARK [3][-]{subsubsection.7.3.1.1}{\376\377\000R\000O\000Z\000M\000I\000A\000R}{subsection.7.3.1}
\BOOKMARK [2][-]{subsection.7.3.2}{\376\377\000D\000o\000k\000u\000m\000e\000n\000t\000a\000c\000j\000a\000\040\000f\000u\000n\000k\000c\000j\000i}{section.7.3}
\BOOKMARK [3][-]{subsubsection.7.3.2.1}{\376\377\000m\000a\000i\000n}{subsection.7.3.2}
\BOOKMARK [1][-]{section.7.4}{\376\377\000D\000o\000k\000u\000m\000e\000n\000t\000a\000c\000j\000a\000\040\000p\000l\000i\000k\000u\000\040\000m\000e\000r\000g\000e\000.\000c\000p\000p}{chapter.7}
\BOOKMARK [1][-]{section.7.5}{\376\377\000D\000o\000k\000u\000m\000e\000n\000t\000a\000c\000j\000a\000\040\000p\000l\000i\000k\000u\000\040\000m\000e\000r\000g\000e\000.\000h\000p\000p}{chapter.7}
\BOOKMARK [1][-]{section.7.6}{\376\377\000D\000o\000k\000u\000m\000e\000n\000t\000a\000c\000j\000a\000\040\000p\000l\000i\000k\000u\000\040\000q\000u\000i\000c\000k\000.\000c\000p\000p}{chapter.7}
\BOOKMARK [2][-]{subsection.7.6.1}{\376\377\000D\000o\000k\000u\000m\000e\000n\000t\000a\000c\000j\000a\000\040\000f\000u\000n\000k\000c\000j\000i}{section.7.6}
\BOOKMARK [3][-]{subsubsection.7.6.1.1}{\376\377\000u\000s\000u\000n\000\137\000t\000a\000b\000l\000i\000c\000a}{subsection.7.6.1}
\BOOKMARK [1][-]{section.7.7}{\376\377\000D\000o\000k\000u\000m\000e\000n\000t\000a\000c\000j\000a\000\040\000p\000l\000i\000k\000u\000\040\000q\000u\000i\000c\000k\000.\000h\000p\000p}{chapter.7}
\BOOKMARK [2][-]{subsection.7.7.1}{\376\377\000D\000o\000k\000u\000m\000e\000n\000t\000a\000c\000j\000a\000\040\000f\000u\000n\000k\000c\000j\000i}{section.7.7}
\BOOKMARK [3][-]{subsubsection.7.7.1.1}{\376\377\000u\000s\000u\000n\000\137\000t\000a\000b\000l\000i\000c\000a}{subsection.7.7.1}
\BOOKMARK [1][-]{section.7.8}{\376\377\000D\000o\000k\000u\000m\000e\000n\000t\000a\000c\000j\000a\000\040\000p\000l\000i\000k\000u\000\040\000t\000a\000b\000l\000i\000c\000a\000.\000c\000p\000p}{chapter.7}
\BOOKMARK [2][-]{subsection.7.8.1}{\376\377\000D\000o\000k\000u\000m\000e\000n\000t\000a\000c\000j\000a\000\040\000f\000u\000n\000k\000c\000j\000i}{section.7.8}
\BOOKMARK [3][-]{subsubsection.7.8.1.1}{\376\377\000f\000o\000o\0002\0002}{subsection.7.8.1}
\BOOKMARK [1][-]{section.7.9}{\376\377\000D\000o\000k\000u\000m\000e\000n\000t\000a\000c\000j\000a\000\040\000p\000l\000i\000k\000u\000\040\000t\000a\000b\000l\000i\000c\000a\000.\000h\000p\000p}{chapter.7}
\BOOKMARK [2][-]{subsection.7.9.1}{\376\377\000D\000o\000k\000u\000m\000e\000n\000t\000a\000c\000j\000a\000\040\000f\000u\000n\000k\000c\000j\000i}{section.7.9}
\BOOKMARK [3][-]{subsubsection.7.9.1.1}{\376\377\000f\000o\000o\0002\0002}{subsection.7.9.1}
